Copyright 1986-2019 Xilinx, Inc. All Rights Reserved.
------------------------------------------------------------------------------------
| Tool Version : Vivado v.2019.2 (win64) Build 2708876 Wed Nov  6 21:40:23 MST 2019
| Date         : Sat Mar 27 21:40:12 2021
| Host         : DESKTOP-HC0QNBC running 64-bit major release  (build 9200)
| Command      : upgrade_ip
| Device       : xc7a100tcsg324-1
------------------------------------------------------------------------------------

Upgrade Log for IP 'cpu_alu_0_0'

1. Summary
----------

SUCCESS in the upgrade of cpu_alu_0_0 (xilinx.com:user:alu:1.0) from (Rev. 4) to (Rev. 2)






Copyright 1986-2019 Xilinx, Inc. All Rights Reserved.
------------------------------------------------------------------------------------
| Tool Version : Vivado v.2019.2 (win64) Build 2708876 Wed Nov  6 21:40:23 MST 2019
| Date         : Sat Mar 27 21:21:22 2021
| Host         : DESKTOP-HC0QNBC running 64-bit major release  (build 9200)
| Command      : upgrade_ip
| Device       : xc7a100tcsg324-1
------------------------------------------------------------------------------------

Upgrade Log for IP 'cpu_alu_0_0'

1. Summary
----------

SUCCESS in the upgrade of cpu_alu_0_0 (xilinx.com:user:alu:1.0) from (Rev. 2) to (Rev. 4)

